2024/12/30 18:00:06 position.go:87: 站点名:银河大街	线路名:325路	开往衙门口公交场站	预计到站时间2024-12-30 18:01	预计剩余时间:2分	预计剩余站数1站
2024/12/30 18:00:06 position.go:87: 站点名:银河大街	线路名:325路	开往衙门口公交场站	预计到站时间2024-12-30 18:19	预计剩余时间:19分	预计剩余站数9站
2024/12/30 18:00:06 position.go:87: 站点名:银河大街	线路名:472路	开往鲁谷公交场站	预计到站时间2024-12-30 18:03	预计剩余时间:3分	预计剩余站数1站
2024/12/30 18:00:06 position.go:87: 站点名:银河大街	线路名:472路	开往鲁谷公交场站	预计到站时间2024-12-30 18:12	预计剩余时间:12分	预计剩余站数2站
2024/12/30 18:00:06 position.go:87: 站点名:银河大街	线路名:574路	开往衙门口东	预计到站时间2024-12-30 18:12	预计剩余时间:12分	预计剩余站数4站
2024/12/30 18:00:06 position.go:87: 站点名:银河大街	线路名:574路	开往衙门口东	预计到站时间2024-12-30 18:16	预计剩余时间:17分	预计剩余站数6站
2024/12/30 18:00:06 position.go:87: 站点名:银河大街	线路名:597路	开往鲁谷公交场站	预计到站时间2024-12-30 18:11	预计剩余时间:11分	预计剩余站数4站
2024/12/30 18:00:06 position.go:87: 站点名:银河大街	线路名:597路	开往鲁谷公交场站	预计到站时间2024-12-30 18:11	预计剩余时间:11分	预计剩余站数4站
2024/12/30 18:00:06 position.go:87: 站点名:银河大街	线路名:598路	开往大瓦窑公交场站	预计到站时间2024-12-30 18:05	预计剩余时间:5分	预计剩余站数2站
2024/12/30 18:00:06 position.go:87: 站点名:银河大街	线路名:598路	开往大瓦窑公交场站	预计到站时间2024-12-30 18:14	预计剩余时间:15分	预计剩余站数4站
2024/12/30 18:00:06 position.go:87: 站点名:银河大街	线路名:663路	开往小马厂	预计到站时间2024-12-30 18:20	预计剩余时间:21分	预计剩余站数8站
2024/12/30 18:00:06 position.go:87: 站点名:银河大街	线路名:663路	开往小马厂	预计到站时间2024-12-30 18:27	预计剩余时间:27分	预计剩余站数12站
2024/12/30 18:00:06 position.go:87: 站点名:银河大街	线路名:959路	开往大瓦窑公交场站	预计到站时间2024-12-30 18:05	预计剩余时间:5分	预计剩余站数2站
2024/12/30 18:00:06 position.go:87: 站点名:银河大街	线路名:959路	开往大瓦窑公交场站	预计到站时间2024-12-30 18:35	预计剩余时间:35分	预计剩余站数13站
2024/12/30 18:00:08 position.go:87: 站点名:银河大街	线路名:325路	开往衙门口公交场站	预计到站时间2024-12-30 18:01	预计剩余时间:2分	预计剩余站数1站
2024/12/30 18:00:08 position.go:87: 站点名:银河大街	线路名:325路	开往衙门口公交场站	预计到站时间2024-12-30 18:19	预计剩余时间:19分	预计剩余站数9站
2024/12/30 18:00:08 position.go:87: 站点名:银河大街	线路名:472路	开往鲁谷公交场站	预计到站时间2024-12-30 18:03	预计剩余时间:3分	预计剩余站数1站
2024/12/30 18:00:08 position.go:87: 站点名:银河大街	线路名:472路	开往鲁谷公交场站	预计到站时间2024-12-30 18:12	预计剩余时间:12分	预计剩余站数2站
2024/12/30 18:00:08 position.go:87: 站点名:银河大街	线路名:574路	开往衙门口东	预计到站时间2024-12-30 18:12	预计剩余时间:12分	预计剩余站数4站
2024/12/30 18:00:08 position.go:87: 站点名:银河大街	线路名:574路	开往衙门口东	预计到站时间2024-12-30 18:16	预计剩余时间:17分	预计剩余站数6站
2024/12/30 18:00:08 position.go:87: 站点名:银河大街	线路名:597路	开往鲁谷公交场站	预计到站时间2024-12-30 18:11	预计剩余时间:11分	预计剩余站数4站
2024/12/30 18:00:08 position.go:87: 站点名:银河大街	线路名:597路	开往鲁谷公交场站	预计到站时间2024-12-30 18:11	预计剩余时间:11分	预计剩余站数4站
2024/12/30 18:00:08 position.go:87: 站点名:银河大街	线路名:598路	开往大瓦窑公交场站	预计到站时间2024-12-30 18:05	预计剩余时间:5分	预计剩余站数2站
2024/12/30 18:00:08 position.go:87: 站点名:银河大街	线路名:598路	开往大瓦窑公交场站	预计到站时间2024-12-30 18:14	预计剩余时间:15分	预计剩余站数4站
2024/12/30 18:00:08 position.go:87: 站点名:银河大街	线路名:663路	开往小马厂	预计到站时间2024-12-30 18:20	预计剩余时间:21分	预计剩余站数8站
2024/12/30 18:00:08 position.go:87: 站点名:银河大街	线路名:663路	开往小马厂	预计到站时间2024-12-30 18:27	预计剩余时间:27分	预计剩余站数12站
2024/12/30 18:00:08 position.go:87: 站点名:银河大街	线路名:959路	开往大瓦窑公交场站	预计到站时间2024-12-30 18:05	预计剩余时间:5分	预计剩余站数2站
2024/12/30 18:00:08 position.go:87: 站点名:银河大街	线路名:959路	开往大瓦窑公交场站	预计到站时间2024-12-30 18:35	预计剩余时间:35分	预计剩余站数13站
2024/12/30 18:00:09 position.go:87: 站点名:京原路口东	线路名:325路	开往衙门口公交场站	预计到站时间2024-12-30 18:15	预计剩余时间:16分	预计剩余站数7站
2024/12/30 18:00:09 position.go:87: 站点名:京原路口东	线路名:325路	开往衙门口公交场站	预计到站时间2024-12-30 18:20	预计剩余时间:21分	预计剩余站数9站
2024/12/30 18:00:09 position.go:87: 站点名:京原路口东	线路名:337路	开往公主坟西	预计到站时间2024-12-30 18:02	预计剩余时间:2分	预计剩余站数即将到站
2024/12/30 18:00:09 position.go:87: 站点名:京原路口东	线路名:337路	开往公主坟西	预计到站时间2024-12-30 18:06	预计剩余时间:7分	预计剩余站数1站
2024/12/30 18:00:09 position.go:87: 站点名:京原路口东	线路名:472路	开往鲁谷公交场站	预计到站时间1970-01-01 08:00	预计剩余时间:-0分	预计剩余站数已开出站点了哦
2024/12/30 18:00:09 position.go:87: 站点名:京原路口东	线路名:472路	开往鲁谷公交场站	预计到站时间2024-12-30 18:09	预计剩余时间:9分	预计剩余站数1站
2024/12/30 18:00:09 position.go:87: 站点名:京原路口东	线路名:527路	开往吴庄公交场站	预计到站时间2024-12-30 18:08	预计剩余时间:8分	预计剩余站数2站
2024/12/30 18:00:09 position.go:87: 站点名:京原路口东	线路名:527路	开往吴庄公交场站	预计到站时间2024-12-30 18:24	预计剩余时间:24分	预计剩余站数12站
2024/12/30 18:00:09 position.go:87: 站点名:京原路口东	线路名:597路	开往鲁谷公交场站	预计到站时间2024-12-30 18:07	预计剩余时间:7分	预计剩余站数2站
2024/12/30 18:00:09 position.go:87: 站点名:京原路口东	线路名:597路	开往鲁谷公交场站	预计到站时间2024-12-30 18:07	预计剩余时间:7分	预计剩余站数2站
2024/12/30 18:00:09 position.go:87: 站点名:京原路口东	线路名:598路	开往大瓦窑公交场站	预计到站时间2024-12-30 18:01	预计剩余时间:1分	预计剩余站数即将到站
2024/12/30 18:00:09 position.go:87: 站点名:京原路口东	线路名:598路	开往大瓦窑公交场站	预计到站时间2024-12-30 18:11	预计剩余时间:11分	预计剩余站数2站
2024/12/30 18:00:09 position.go:87: 站点名:京原路口东	线路名:663路	开往小马厂	预计到站时间2024-12-30 18:17	预计剩余时间:17分	预计剩余站数6站
2024/12/30 18:00:09 position.go:87: 站点名:京原路口东	线路名:663路	开往小马厂	预计到站时间2024-12-30 18:23	预计剩余时间:23分	预计剩余站数10站
2024/12/30 18:00:09 position.go:87: 站点名:京原路口东	线路名:941路	开往莲花池南路	预计到站时间2024-12-30 18:12	预计剩余时间:12分	预计剩余站数3站
2024/12/30 18:00:09 position.go:87: 站点名:京原路口东	线路名:941路	开往莲花池南路	预计到站时间2024-12-30 18:27	预计剩余时间:27分	预计剩余站数10站
2024/12/30 18:00:09 position.go:87: 站点名:京原路口东	线路名:959路	开往大瓦窑公交场站	预计到站时间2024-12-30 18:01	预计剩余时间:1分	预计剩余站数即将到站
2024/12/30 18:00:09 position.go:87: 站点名:京原路口东	线路名:959路	开往大瓦窑公交场站	预计到站时间2024-12-30 18:31	预计剩余时间:31分	预计剩余站数11站
2024/12/30 18:00:09 position.go:87: 站点名:京原路口东	线路名:965路	开往京原东站	预计到站时间2024-12-30 18:08	预计剩余时间:8分	预计剩余站数3站
2024/12/30 18:00:09 position.go:87: 站点名:京原路口东	线路名:965路	开往京原东站	预计到站时间2024-12-30 18:21	预计剩余时间:22分	预计剩余站数10站
2024/12/30 18:00:09 position.go:87: 站点名:京原路口东	线路名:992路	开往京原东站	预计到站时间2024-12-30 18:07	预计剩余时间:7分	预计剩余站数1站
2024/12/30 18:00:09 position.go:87: 站点名:京原路口东	线路名:992路	开往京原东站	预计到站时间2024-12-30 18:11	预计剩余时间:11分	预计剩余站数3站
2024/12/30 18:00:09 position.go:87: 站点名:京原路口东	线路名:专215路	开往老山公交场站	预计到站时间2024-12-30 18:06	预计剩余时间:7分	预计剩余站数即将到站
2024/12/30 18:00:09 position.go:87: 站点名:京原路口东	线路名:专215路	开往老山公交场站	预计到站时间2024-12-30 18:15	预计剩余时间:16分	预计剩余站数2站
2024/12/30 18:00:09 position.go:87: 站点名:京原路口东	线路名:专46路	开往京原路口东	预计到站时间2024-12-30 18:16	预计剩余时间:16分	预计剩余站数6站
2024/12/30 18:00:09 position.go:87: 站点名:京原路口东	线路名:专86路	开往京原东站	预计到站时间1970-01-01 08:00	预计剩余时间:-0分	预计剩余站数已开出站点了哦
2024/12/30 18:00:09 position.go:87: 站点名:京原路口东	线路名:专86路	开往京原东站	预计到站时间2024-12-30 18:08	预计剩余时间:8分	预计剩余站数2站
2024/12/30 18:00:09 position.go:87: 站点名:京原路口东	线路名:专91路	开往京原东站	预计到站时间2024-12-30 18:06	预计剩余时间:7分	预计剩余站数2站
2024/12/30 18:00:09 position.go:87: 站点名:京原路口东	线路名:专91路	开往京原东站	预计到站时间2024-12-30 18:16	预计剩余时间:17分	预计剩余站数7站
2024/12/30 18:00:10 position.go:87: 站点名:京原路口东	线路名:325路	开往衙门口公交场站	预计到站时间2024-12-30 18:15	预计剩余时间:16分	预计剩余站数7站
2024/12/30 18:00:10 position.go:87: 站点名:京原路口东	线路名:325路	开往衙门口公交场站	预计到站时间2024-12-30 18:21	预计剩余时间:21分	预计剩余站数9站
2024/12/30 18:00:10 position.go:87: 站点名:京原路口东	线路名:337路	开往公主坟西	预计到站时间2024-12-30 18:02	预计剩余时间:2分	预计剩余站数即将到站
2024/12/30 18:00:10 position.go:87: 站点名:京原路口东	线路名:337路	开往公主坟西	预计到站时间2024-12-30 18:06	预计剩余时间:7分	预计剩余站数1站
2024/12/30 18:00:10 position.go:87: 站点名:京原路口东	线路名:472路	开往鲁谷公交场站	预计到站时间1970-01-01 08:00	预计剩余时间:-0分	预计剩余站数已开出站点了哦
2024/12/30 18:00:10 position.go:87: 站点名:京原路口东	线路名:472路	开往鲁谷公交场站	预计到站时间2024-12-30 18:09	预计剩余时间:9分	预计剩余站数1站
2024/12/30 18:00:10 position.go:87: 站点名:京原路口东	线路名:527路	开往吴庄公交场站	预计到站时间2024-12-30 18:08	预计剩余时间:8分	预计剩余站数2站
2024/12/30 18:00:10 position.go:87: 站点名:京原路口东	线路名:527路	开往吴庄公交场站	预计到站时间2024-12-30 18:24	预计剩余时间:24分	预计剩余站数12站
2024/12/30 18:00:10 position.go:87: 站点名:京原路口东	线路名:597路	开往鲁谷公交场站	预计到站时间2024-12-30 18:07	预计剩余时间:7分	预计剩余站数2站
2024/12/30 18:00:10 position.go:87: 站点名:京原路口东	线路名:597路	开往鲁谷公交场站	预计到站时间2024-12-30 18:07	预计剩余时间:7分	预计剩余站数2站
2024/12/30 18:00:10 position.go:87: 站点名:京原路口东	线路名:598路	开往大瓦窑公交场站	预计到站时间2024-12-30 18:01	预计剩余时间:1分	预计剩余站数即将到站
2024/12/30 18:00:10 position.go:87: 站点名:京原路口东	线路名:598路	开往大瓦窑公交场站	预计到站时间2024-12-30 18:11	预计剩余时间:11分	预计剩余站数2站
2024/12/30 18:00:10 position.go:87: 站点名:京原路口东	线路名:663路	开往小马厂	预计到站时间2024-12-30 18:17	预计剩余时间:17分	预计剩余站数6站
2024/12/30 18:00:10 position.go:87: 站点名:京原路口东	线路名:663路	开往小马厂	预计到站时间2024-12-30 18:23	预计剩余时间:23分	预计剩余站数10站
2024/12/30 18:00:10 position.go:87: 站点名:京原路口东	线路名:941路	开往莲花池南路	预计到站时间2024-12-30 18:12	预计剩余时间:12分	预计剩余站数3站
2024/12/30 18:00:10 position.go:87: 站点名:京原路口东	线路名:941路	开往莲花池南路	预计到站时间2024-12-30 18:27	预计剩余时间:27分	预计剩余站数10站
2024/12/30 18:00:10 position.go:87: 站点名:京原路口东	线路名:959路	开往大瓦窑公交场站	预计到站时间2024-12-30 18:01	预计剩余时间:1分	预计剩余站数即将到站
2024/12/30 18:00:10 position.go:87: 站点名:京原路口东	线路名:959路	开往大瓦窑公交场站	预计到站时间2024-12-30 18:31	预计剩余时间:31分	预计剩余站数11站
2024/12/30 18:00:10 position.go:87: 站点名:京原路口东	线路名:965路	开往京原东站	预计到站时间2024-12-30 18:08	预计剩余时间:8分	预计剩余站数3站
2024/12/30 18:00:10 position.go:87: 站点名:京原路口东	线路名:965路	开往京原东站	预计到站时间2024-12-30 18:21	预计剩余时间:22分	预计剩余站数10站
2024/12/30 18:00:10 position.go:87: 站点名:京原路口东	线路名:992路	开往京原东站	预计到站时间2024-12-30 18:07	预计剩余时间:7分	预计剩余站数1站
2024/12/30 18:00:10 position.go:87: 站点名:京原路口东	线路名:992路	开往京原东站	预计到站时间2024-12-30 18:11	预计剩余时间:11分	预计剩余站数3站
2024/12/30 18:00:10 position.go:87: 站点名:京原路口东	线路名:专215路	开往老山公交场站	预计到站时间2024-12-30 18:06	预计剩余时间:7分	预计剩余站数即将到站
2024/12/30 18:00:10 position.go:87: 站点名:京原路口东	线路名:专215路	开往老山公交场站	预计到站时间2024-12-30 18:15	预计剩余时间:16分	预计剩余站数2站
2024/12/30 18:00:10 position.go:87: 站点名:京原路口东	线路名:专46路	开往京原路口东	预计到站时间2024-12-30 18:16	预计剩余时间:16分	预计剩余站数6站
2024/12/30 18:00:10 position.go:87: 站点名:京原路口东	线路名:专86路	开往京原东站	预计到站时间1970-01-01 08:00	预计剩余时间:-0分	预计剩余站数已开出站点了哦
2024/12/30 18:00:10 position.go:87: 站点名:京原路口东	线路名:专86路	开往京原东站	预计到站时间2024-12-30 18:08	预计剩余时间:8分	预计剩余站数2站
2024/12/30 18:00:10 position.go:87: 站点名:京原路口东	线路名:专91路	开往京原东站	预计到站时间2024-12-30 18:06	预计剩余时间:7分	预计剩余站数2站
2024/12/30 18:00:10 position.go:87: 站点名:京原路口东	线路名:专91路	开往京原东站	预计到站时间2024-12-30 18:16	预计剩余时间:17分	预计剩余站数7站
2024/12/30 18:00:11 position.go:87: 站点名:老山	线路名:337路	开往石景山	预计到站时间2024-12-30 18:07	预计剩余时间:7分	预计剩余站数3站
2024/12/30 18:00:11 position.go:87: 站点名:老山	线路名:337路	开往石景山	预计到站时间2024-12-30 18:11	预计剩余时间:12分	预计剩余站数3站
2024/12/30 18:00:11 position.go:87: 站点名:老山	线路名:527路	开往雍王府	预计到站时间2024-12-30 18:09	预计剩余时间:9分	预计剩余站数3站
2024/12/30 18:00:11 position.go:87: 站点名:老山	线路名:574路	开往衙门口东	预计到站时间2024-12-30 18:08	预计剩余时间:9分	预计剩余站数3站
2024/12/30 18:00:11 position.go:87: 站点名:老山	线路名:574路	开往衙门口东	预计到站时间2024-12-30 18:13	预计剩余时间:13分	预计剩余站数5站
2024/12/30 18:00:11 position.go:87: 站点名:老山	线路名:914路	开往体育场南路东口	预计到站时间2024-12-30 18:09	预计剩余时间:10分	预计剩余站数3站
2024/12/30 18:00:11 position.go:87: 站点名:老山	线路名:914路	开往体育场南路东口	预计到站时间2024-12-30 18:23	预计剩余时间:23分	预计剩余站数10站
2024/12/30 18:00:11 position.go:87: 站点名:老山	线路名:941路	开往石龙西公交场站	预计到站时间2024-12-30 18:14	预计剩余时间:14分	预计剩余站数6站
2024/12/30 18:00:11 position.go:87: 站点名:老山	线路名:941路	开往石龙西公交场站	预计到站时间2024-12-30 18:36	预计剩余时间:36分	预计剩余站数14站
2024/12/30 18:00:11 position.go:87: 站点名:老山	线路名:专111路	开往老山西街	预计到站时间2024-12-30 18:04	预计剩余时间:4分	预计剩余站数2站
2024/12/30 18:00:11 position.go:87: 站点名:老山	线路名:专215路	开往八大处	预计到站时间1970-01-01 08:00	预计剩余时间:-0分	预计剩余站数已开出站点了哦
2024/12/30 18:00:13 position.go:87: 站点名:老山	线路名:337路	开往石景山	预计到站时间2024-12-30 18:07	预计剩余时间:7分	预计剩余站数3站
2024/12/30 18:00:13 position.go:87: 站点名:老山	线路名:337路	开往石景山	预计到站时间2024-12-30 18:11	预计剩余时间:12分	预计剩余站数3站
2024/12/30 18:00:13 position.go:87: 站点名:老山	线路名:527路	开往雍王府	预计到站时间2024-12-30 18:09	预计剩余时间:9分	预计剩余站数3站
2024/12/30 18:00:13 position.go:87: 站点名:老山	线路名:574路	开往衙门口东	预计到站时间2024-12-30 18:08	预计剩余时间:9分	预计剩余站数3站
2024/12/30 18:00:13 position.go:87: 站点名:老山	线路名:574路	开往衙门口东	预计到站时间2024-12-30 18:13	预计剩余时间:13分	预计剩余站数5站
2024/12/30 18:00:13 position.go:87: 站点名:老山	线路名:914路	开往体育场南路东口	预计到站时间2024-12-30 18:09	预计剩余时间:10分	预计剩余站数3站
2024/12/30 18:00:13 position.go:87: 站点名:老山	线路名:914路	开往体育场南路东口	预计到站时间2024-12-30 18:23	预计剩余时间:23分	预计剩余站数10站
2024/12/30 18:00:13 position.go:87: 站点名:老山	线路名:941路	开往石龙西公交场站	预计到站时间2024-12-30 18:14	预计剩余时间:14分	预计剩余站数6站
2024/12/30 18:00:13 position.go:87: 站点名:老山	线路名:941路	开往石龙西公交场站	预计到站时间2024-12-30 18:36	预计剩余时间:36分	预计剩余站数14站
2024/12/30 18:00:13 position.go:87: 站点名:老山	线路名:专111路	开往老山西街	预计到站时间2024-12-30 18:04	预计剩余时间:4分	预计剩余站数2站
2024/12/30 18:00:13 position.go:87: 站点名:老山	线路名:专215路	开往八大处	预计到站时间1970-01-01 08:00	预计剩余时间:-0分	预计剩余站数已开出站点了哦
2024/12/30 18:00:14 position.go:87: 站点名:国家植物园	线路名:932路	开往城子	预计到站时间2024-12-30 18:14	预计剩余时间:14分	预计剩余站数9站
2024/12/30 18:00:14 position.go:87: 站点名:国家植物园	线路名:932路	开往城子	预计到站时间2024-12-30 18:29	预计剩余时间:29分	预计剩余站数16站
2024/12/30 18:00:15 position.go:87: 站点名:国家植物园	线路名:932路	开往城子	预计到站时间2024-12-30 18:14	预计剩余时间:14分	预计剩余站数9站
2024/12/30 18:00:15 position.go:87: 站点名:国家植物园	线路名:932路	开往城子	预计到站时间2024-12-30 18:29	预计剩余时间:29分	预计剩余站数16站
2024/12/30 18:00:16 position.go:87: 站点名:石景山雕塑公园	线路名:663路	开往小马厂	预计到站时间2024-12-30 18:06	预计剩余时间:6分	预计剩余站数3站
2024/12/30 18:00:16 position.go:87: 站点名:石景山雕塑公园	线路名:663路	开往小马厂	预计到站时间2024-12-30 18:12	预计剩余时间:13分	预计剩余站数6站
2024/12/30 18:00:17 position.go:87: 站点名:石景山雕塑公园	线路名:663路	开往小马厂	预计到站时间2024-12-30 18:06	预计剩余时间:6分	预计剩余站数3站
2024/12/30 18:00:17 position.go:87: 站点名:石景山雕塑公园	线路名:663路	开往小马厂	预计到站时间2024-12-30 18:12	预计剩余时间:13分	预计剩余站数6站
2024/12/30 18:00:19 position.go:87: 站点名:石景山科技馆	线路名:399路外环路	开往石景山科技园	预计到站时间2024-12-30 18:13	预计剩余时间:13分	预计剩余站数4站
2024/12/30 18:00:19 position.go:87: 站点名:石景山科技馆	线路名:399路外环路	开往石景山科技园	预计到站时间2024-12-30 18:16	预计剩余时间:17分	预计剩余站数6站
2024/12/30 18:00:19 position.go:87: 站点名:石景山科技馆	线路名:527路	开往雍王府	预计到站时间2024-12-30 18:02	预计剩余时间:2分	预计剩余站数1站
2024/12/30 18:00:19 position.go:87: 站点名:石景山科技馆	线路名:527路	开往雍王府	预计到站时间2024-12-30 18:12	预计剩余时间:12分	预计剩余站数5站
2024/12/30 18:00:19 position.go:87: 站点名:石景山科技馆	线路名:598路	开往刘娘府北街北口	预计到站时间2024-12-30 18:01	预计剩余时间:2分	预计剩余站数即将到站
2024/12/30 18:00:19 position.go:87: 站点名:石景山科技馆	线路名:598路	开往刘娘府北街北口	预计到站时间2024-12-30 18:05	预计剩余时间:5分	预计剩余站数2站
2024/12/30 18:00:20 position.go:87: 站点名:石景山科技馆	线路名:399路外环路	开往石景山科技园	预计到站时间2024-12-30 18:13	预计剩余时间:13分	预计剩余站数4站
2024/12/30 18:00:20 position.go:87: 站点名:石景山科技馆	线路名:399路外环路	开往石景山科技园	预计到站时间2024-12-30 18:16	预计剩余时间:17分	预计剩余站数6站
2024/12/30 18:00:20 position.go:87: 站点名:石景山科技馆	线路名:527路	开往雍王府	预计到站时间2024-12-30 18:02	预计剩余时间:2分	预计剩余站数1站
2024/12/30 18:00:20 position.go:87: 站点名:石景山科技馆	线路名:527路	开往雍王府	预计到站时间2024-12-30 18:12	预计剩余时间:12分	预计剩余站数5站
2024/12/30 18:00:20 position.go:87: 站点名:石景山科技馆	线路名:598路	开往刘娘府北街北口	预计到站时间2024-12-30 18:01	预计剩余时间:2分	预计剩余站数即将到站
2024/12/30 18:00:20 position.go:87: 站点名:石景山科技馆	线路名:598路	开往刘娘府北街北口	预计到站时间2024-12-30 18:05	预计剩余时间:5分	预计剩余站数2站
2024/12/30 18:00:21 position.go:87: 站点名:时代花园北路	线路名:527路	开往吴庄公交场站	预计到站时间2024-12-30 18:05	预计剩余时间:5分	预计剩余站数3站
2024/12/30 18:00:21 position.go:87: 站点名:时代花园北路	线路名:527路	开往吴庄公交场站	预计到站时间2024-12-30 18:10	预计剩余时间:10分	预计剩余站数6站
2024/12/30 18:00:22 position.go:87: 站点名:时代花园北路	线路名:527路	开往吴庄公交场站	预计到站时间2024-12-30 18:05	预计剩余时间:5分	预计剩余站数3站
2024/12/30 18:00:22 position.go:87: 站点名:时代花园北路	线路名:527路	开往吴庄公交场站	预计到站时间2024-12-30 18:10	预计剩余时间:10分	预计剩余站数6站
2024/12/30 18:00:26 position.go:87: 站点名:银河大街	线路名:325路	开往衙门口公交场站	预计到站时间1970-01-01 08:00	预计剩余时间:-0分	预计剩余站数已开出站点了哦
2024/12/30 18:00:26 position.go:87: 站点名:银河大街	线路名:325路	开往衙门口公交场站	预计到站时间2024-12-30 18:19	预计剩余时间:19分	预计剩余站数9站
2024/12/30 18:00:26 position.go:87: 站点名:银河大街	线路名:472路	开往鲁谷公交场站	预计到站时间2024-12-30 18:04	预计剩余时间:4分	预计剩余站数1站
2024/12/30 18:00:26 position.go:87: 站点名:银河大街	线路名:472路	开往鲁谷公交场站	预计到站时间2024-12-30 18:12	预计剩余时间:12分	预计剩余站数2站
2024/12/30 18:00:26 position.go:87: 站点名:银河大街	线路名:574路	开往衙门口东	预计到站时间2024-12-30 18:12	预计剩余时间:13分	预计剩余站数4站
2024/12/30 18:00:26 position.go:87: 站点名:银河大街	线路名:574路	开往衙门口东	预计到站时间2024-12-30 18:17	预计剩余时间:17分	预计剩余站数6站
2024/12/30 18:00:26 position.go:87: 站点名:银河大街	线路名:597路	开往鲁谷公交场站	预计到站时间2024-12-30 18:11	预计剩余时间:11分	预计剩余站数4站
2024/12/30 18:00:26 position.go:87: 站点名:银河大街	线路名:597路	开往鲁谷公交场站	预计到站时间2024-12-30 18:11	预计剩余时间:11分	预计剩余站数4站
2024/12/30 18:00:26 position.go:87: 站点名:银河大街	线路名:598路	开往大瓦窑公交场站	预计到站时间2024-12-30 18:05	预计剩余时间:5分	预计剩余站数2站
2024/12/30 18:00:26 position.go:87: 站点名:银河大街	线路名:598路	开往大瓦窑公交场站	预计到站时间2024-12-30 18:15	预计剩余时间:15分	预计剩余站数4站
2024/12/30 18:00:26 position.go:87: 站点名:银河大街	线路名:663路	开往小马厂	预计到站时间2024-12-30 18:20	预计剩余时间:20分	预计剩余站数8站
2024/12/30 18:00:26 position.go:87: 站点名:银河大街	线路名:663路	开往小马厂	预计到站时间2024-12-30 18:26	预计剩余时间:26分	预计剩余站数11站
2024/12/30 18:00:26 position.go:87: 站点名:银河大街	线路名:959路	开往大瓦窑公交场站	预计到站时间2024-12-30 18:03	预计剩余时间:4分	预计剩余站数2站
2024/12/30 18:00:26 position.go:87: 站点名:银河大街	线路名:959路	开往大瓦窑公交场站	预计到站时间2024-12-30 18:34	预计剩余时间:34分	预计剩余站数13站
2024/12/30 18:00:26 position.go:87: 站点名:银河大街	线路名:专91路	开往燕堤南路西口	预计到站时间1970-01-01 08:00	预计剩余时间:-0分	预计剩余站数已开出站点了哦
2024/12/30 18:00:27 position.go:87: 站点名:银河大街	线路名:325路	开往衙门口公交场站	预计到站时间1970-01-01 08:00	预计剩余时间:-0分	预计剩余站数已开出站点了哦
2024/12/30 18:00:27 position.go:87: 站点名:银河大街	线路名:325路	开往衙门口公交场站	预计到站时间2024-12-30 18:19	预计剩余时间:19分	预计剩余站数9站
2024/12/30 18:00:27 position.go:87: 站点名:银河大街	线路名:472路	开往鲁谷公交场站	预计到站时间2024-12-30 18:04	预计剩余时间:4分	预计剩余站数1站
2024/12/30 18:00:27 position.go:87: 站点名:银河大街	线路名:472路	开往鲁谷公交场站	预计到站时间2024-12-30 18:12	预计剩余时间:12分	预计剩余站数2站
2024/12/30 18:00:27 position.go:87: 站点名:银河大街	线路名:574路	开往衙门口东	预计到站时间2024-12-30 18:13	预计剩余时间:13分	预计剩余站数4站
2024/12/30 18:00:27 position.go:87: 站点名:银河大街	线路名:574路	开往衙门口东	预计到站时间2024-12-30 18:17	预计剩余时间:17分	预计剩余站数6站
2024/12/30 18:00:27 position.go:87: 站点名:银河大街	线路名:597路	开往鲁谷公交场站	预计到站时间2024-12-30 18:11	预计剩余时间:11分	预计剩余站数4站
2024/12/30 18:00:27 position.go:87: 站点名:银河大街	线路名:597路	开往鲁谷公交场站	预计到站时间2024-12-30 18:11	预计剩余时间:11分	预计剩余站数4站
2024/12/30 18:00:27 position.go:87: 站点名:银河大街	线路名:598路	开往大瓦窑公交场站	预计到站时间2024-12-30 18:05	预计剩余时间:5分	预计剩余站数2站
2024/12/30 18:00:27 position.go:87: 站点名:银河大街	线路名:598路	开往大瓦窑公交场站	预计到站时间2024-12-30 18:15	预计剩余时间:15分	预计剩余站数4站
2024/12/30 18:00:27 position.go:87: 站点名:银河大街	线路名:663路	开往小马厂	预计到站时间2024-12-30 18:20	预计剩余时间:20分	预计剩余站数8站
2024/12/30 18:00:27 position.go:87: 站点名:银河大街	线路名:663路	开往小马厂	预计到站时间2024-12-30 18:26	预计剩余时间:26分	预计剩余站数11站
2024/12/30 18:00:27 position.go:87: 站点名:银河大街	线路名:959路	开往大瓦窑公交场站	预计到站时间2024-12-30 18:03	预计剩余时间:4分	预计剩余站数2站
2024/12/30 18:00:27 position.go:87: 站点名:银河大街	线路名:959路	开往大瓦窑公交场站	预计到站时间2024-12-30 18:34	预计剩余时间:34分	预计剩余站数13站
2024/12/30 18:00:27 position.go:87: 站点名:银河大街	线路名:专91路	开往燕堤南路西口	预计到站时间1970-01-01 08:00	预计剩余时间:-0分	预计剩余站数已开出站点了哦
2024/12/30 18:00:30 position.go:87: 站点名:京原路口东	线路名:325路	开往衙门口公交场站	预计到站时间2024-12-30 18:16	预计剩余时间:16分	预计剩余站数7站
2024/12/30 18:00:30 position.go:87: 站点名:京原路口东	线路名:325路	开往衙门口公交场站	预计到站时间2024-12-30 18:21	预计剩余时间:21分	预计剩余站数9站
2024/12/30 18:00:30 position.go:87: 站点名:京原路口东	线路名:337路	开往公主坟西	预计到站时间2024-12-30 18:02	预计剩余时间:2分	预计剩余站数即将到站
2024/12/30 18:00:30 position.go:87: 站点名:京原路口东	线路名:337路	开往公主坟西	预计到站时间2024-12-30 18:05	预计剩余时间:5分	预计剩余站数1站
2024/12/30 18:00:30 position.go:87: 站点名:京原路口东	线路名:472路	开往鲁谷公交场站	预计到站时间2024-12-30 18:01	预计剩余时间:1分	预计剩余站数即将到站
2024/12/30 18:00:30 position.go:87: 站点名:京原路口东	线路名:472路	开往鲁谷公交场站	预计到站时间2024-12-30 18:09	预计剩余时间:9分	预计剩余站数1站
2024/12/30 18:00:30 position.go:87: 站点名:京原路口东	线路名:527路	开往吴庄公交场站	预计到站时间2024-12-30 18:09	预计剩余时间:9分	预计剩余站数3站
2024/12/30 18:00:30 position.go:87: 站点名:京原路口东	线路名:527路	开往吴庄公交场站	预计到站时间2024-12-30 18:24	预计剩余时间:24分	预计剩余站数12站
2024/12/30 18:00:30 position.go:87: 站点名:京原路口东	线路名:597路	开往鲁谷公交场站	预计到站时间2024-12-30 18:07	预计剩余时间:7分	预计剩余站数2站
2024/12/30 18:00:30 position.go:87: 站点名:京原路口东	线路名:597路	开往鲁谷公交场站	预计到站时间2024-12-30 18:07	预计剩余时间:7分	预计剩余站数2站
2024/12/30 18:00:30 position.go:87: 站点名:京原路口东	线路名:598路	开往大瓦窑公交场站	预计到站时间2024-12-30 18:01	预计剩余时间:1分	预计剩余站数即将到站
2024/12/30 18:00:30 position.go:87: 站点名:京原路口东	线路名:598路	开往大瓦窑公交场站	预计到站时间2024-12-30 18:11	预计剩余时间:11分	预计剩余站数2站
2024/12/30 18:00:30 position.go:87: 站点名:京原路口东	线路名:663路	开往小马厂	预计到站时间2024-12-30 18:17	预计剩余时间:17分	预计剩余站数6站
2024/12/30 18:00:30 position.go:87: 站点名:京原路口东	线路名:663路	开往小马厂	预计到站时间2024-12-30 18:22	预计剩余时间:22分	预计剩余站数9站
2024/12/30 18:00:30 position.go:87: 站点名:京原路口东	线路名:941路	开往莲花池南路	预计到站时间2024-12-30 18:10	预计剩余时间:10分	预计剩余站数3站
2024/12/30 18:00:30 position.go:87: 站点名:京原路口东	线路名:941路	开往莲花池南路	预计到站时间2024-12-30 18:27	预计剩余时间:27分	预计剩余站数10站
2024/12/30 18:00:30 position.go:87: 站点名:京原路口东	线路名:959路	开往大瓦窑公交场站	预计到站时间1970-01-01 08:00	预计剩余时间:-0分	预计剩余站数已开出站点了哦
2024/12/30 18:00:30 position.go:87: 站点名:京原路口东	线路名:959路	开往大瓦窑公交场站	预计到站时间2024-12-30 18:31	预计剩余时间:31分	预计剩余站数11站
2024/12/30 18:00:30 position.go:87: 站点名:京原路口东	线路名:965路	开往京原东站	预计到站时间2024-12-30 18:07	预计剩余时间:7分	预计剩余站数2站
2024/12/30 18:00:30 position.go:87: 站点名:京原路口东	线路名:965路	开往京原东站	预计到站时间2024-12-30 18:22	预计剩余时间:22分	预计剩余站数10站
2024/12/30 18:00:30 position.go:87: 站点名:京原路口东	线路名:992路	开往京原东站	预计到站时间2024-12-30 18:05	预计剩余时间:5分	预计剩余站数1站
2024/12/30 18:00:30 position.go:87: 站点名:京原路口东	线路名:992路	开往京原东站	预计到站时间2024-12-30 18:11	预计剩余时间:11分	预计剩余站数3站
2024/12/30 18:00:30 position.go:87: 站点名:京原路口东	线路名:专215路	开往老山公交场站	预计到站时间2024-12-30 18:06	预计剩余时间:6分	预计剩余站数即将到站
2024/12/30 18:00:30 position.go:87: 站点名:京原路口东	线路名:专215路	开往老山公交场站	预计到站时间2024-12-30 18:16	预计剩余时间:16分	预计剩余站数2站
2024/12/30 18:00:30 position.go:87: 站点名:京原路口东	线路名:专46路	开往京原路口东	预计到站时间2024-12-30 18:14	预计剩余时间:14分	预计剩余站数5站
2024/12/30 18:00:30 position.go:87: 站点名:京原路口东	线路名:专86路	开往京原东站	预计到站时间2024-12-30 18:08	预计剩余时间:8分	预计剩余站数1站
2024/12/30 18:00:30 position.go:87: 站点名:京原路口东	线路名:专91路	开往京原东站	预计到站时间2024-12-30 18:06	预计剩余时间:6分	预计剩余站数1站
2024/12/30 18:00:30 position.go:87: 站点名:京原路口东	线路名:专91路	开往京原东站	预计到站时间2024-12-30 18:15	预计剩余时间:15分	预计剩余站数5站
2024/12/30 18:00:32 position.go:87: 站点名:京原路口东	线路名:325路	开往衙门口公交场站	预计到站时间2024-12-30 18:16	预计剩余时间:16分	预计剩余站数7站
2024/12/30 18:00:32 position.go:87: 站点名:京原路口东	线路名:325路	开往衙门口公交场站	预计到站时间2024-12-30 18:21	预计剩余时间:21分	预计剩余站数9站
2024/12/30 18:00:32 position.go:87: 站点名:京原路口东	线路名:337路	开往公主坟西	预计到站时间2024-12-30 18:02	预计剩余时间:2分	预计剩余站数即将到站
2024/12/30 18:00:32 position.go:87: 站点名:京原路口东	线路名:337路	开往公主坟西	预计到站时间2024-12-30 18:05	预计剩余时间:5分	预计剩余站数1站
2024/12/30 18:00:32 position.go:87: 站点名:京原路口东	线路名:472路	开往鲁谷公交场站	预计到站时间2024-12-30 18:01	预计剩余时间:1分	预计剩余站数即将到站
2024/12/30 18:00:32 position.go:87: 站点名:京原路口东	线路名:472路	开往鲁谷公交场站	预计到站时间2024-12-30 18:09	预计剩余时间:9分	预计剩余站数1站
2024/12/30 18:00:32 position.go:87: 站点名:京原路口东	线路名:527路	开往吴庄公交场站	预计到站时间2024-12-30 18:09	预计剩余时间:9分	预计剩余站数3站
2024/12/30 18:00:32 position.go:87: 站点名:京原路口东	线路名:527路	开往吴庄公交场站	预计到站时间2024-12-30 18:24	预计剩余时间:24分	预计剩余站数12站
2024/12/30 18:00:32 position.go:87: 站点名:京原路口东	线路名:597路	开往鲁谷公交场站	预计到站时间2024-12-30 18:07	预计剩余时间:7分	预计剩余站数2站
2024/12/30 18:00:32 position.go:87: 站点名:京原路口东	线路名:597路	开往鲁谷公交场站	预计到站时间2024-12-30 18:07	预计剩余时间:7分	预计剩余站数2站
2024/12/30 18:00:32 position.go:87: 站点名:京原路口东	线路名:598路	开往大瓦窑公交场站	预计到站时间2024-12-30 18:01	预计剩余时间:1分	预计剩余站数即将到站
2024/12/30 18:00:32 position.go:87: 站点名:京原路口东	线路名:598路	开往大瓦窑公交场站	预计到站时间2024-12-30 18:11	预计剩余时间:11分	预计剩余站数2站
2024/12/30 18:00:32 position.go:87: 站点名:京原路口东	线路名:663路	开往小马厂	预计到站时间2024-12-30 18:17	预计剩余时间:17分	预计剩余站数6站
2024/12/30 18:00:32 position.go:87: 站点名:京原路口东	线路名:663路	开往小马厂	预计到站时间2024-12-30 18:22	预计剩余时间:22分	预计剩余站数9站
2024/12/30 18:00:32 position.go:87: 站点名:京原路口东	线路名:941路	开往莲花池南路	预计到站时间2024-12-30 18:10	预计剩余时间:10分	预计剩余站数3站
2024/12/30 18:00:32 position.go:87: 站点名:京原路口东	线路名:941路	开往莲花池南路	预计到站时间2024-12-30 18:27	预计剩余时间:27分	预计剩余站数10站
2024/12/30 18:00:32 position.go:87: 站点名:京原路口东	线路名:959路	开往大瓦窑公交场站	预计到站时间1970-01-01 08:00	预计剩余时间:-0分	预计剩余站数已开出站点了哦
2024/12/30 18:00:32 position.go:87: 站点名:京原路口东	线路名:959路	开往大瓦窑公交场站	预计到站时间2024-12-30 18:31	预计剩余时间:31分	预计剩余站数11站
2024/12/30 18:00:32 position.go:87: 站点名:京原路口东	线路名:965路	开往京原东站	预计到站时间2024-12-30 18:07	预计剩余时间:7分	预计剩余站数2站
2024/12/30 18:00:32 position.go:87: 站点名:京原路口东	线路名:965路	开往京原东站	预计到站时间2024-12-30 18:22	预计剩余时间:22分	预计剩余站数10站
2024/12/30 18:00:32 position.go:87: 站点名:京原路口东	线路名:992路	开往京原东站	预计到站时间2024-12-30 18:06	预计剩余时间:5分	预计剩余站数1站
2024/12/30 18:00:32 position.go:87: 站点名:京原路口东	线路名:992路	开往京原东站	预计到站时间2024-12-30 18:11	预计剩余时间:11分	预计剩余站数3站
2024/12/30 18:00:32 position.go:87: 站点名:京原路口东	线路名:专215路	开往老山公交场站	预计到站时间2024-12-30 18:06	预计剩余时间:6分	预计剩余站数即将到站
2024/12/30 18:00:32 position.go:87: 站点名:京原路口东	线路名:专215路	开往老山公交场站	预计到站时间2024-12-30 18:16	预计剩余时间:16分	预计剩余站数2站
2024/12/30 18:00:32 position.go:87: 站点名:京原路口东	线路名:专46路	开往京原路口东	预计到站时间2024-12-30 18:15	预计剩余时间:14分	预计剩余站数5站
2024/12/30 18:00:32 position.go:87: 站点名:京原路口东	线路名:专86路	开往京原东站	预计到站时间2024-12-30 18:08	预计剩余时间:8分	预计剩余站数1站
2024/12/30 18:00:32 position.go:87: 站点名:京原路口东	线路名:专91路	开往京原东站	预计到站时间2024-12-30 18:06	预计剩余时间:6分	预计剩余站数1站
2024/12/30 18:00:32 position.go:87: 站点名:京原路口东	线路名:专91路	开往京原东站	预计到站时间2024-12-30 18:15	预计剩余时间:15分	预计剩余站数5站
2024/12/30 18:00:34 position.go:87: 站点名:老山	线路名:337路	开往石景山	预计到站时间2024-12-30 18:07	预计剩余时间:7分	预计剩余站数3站
2024/12/30 18:00:34 position.go:87: 站点名:老山	线路名:337路	开往石景山	预计到站时间2024-12-30 18:12	预计剩余时间:12分	预计剩余站数4站
2024/12/30 18:00:34 position.go:87: 站点名:老山	线路名:527路	开往雍王府	预计到站时间2024-12-30 18:09	预计剩余时间:9分	预计剩余站数3站
2024/12/30 18:00:34 position.go:87: 站点名:老山	线路名:574路	开往衙门口东	预计到站时间2024-12-30 18:09	预计剩余时间:9分	预计剩余站数3站
2024/12/30 18:00:34 position.go:87: 站点名:老山	线路名:574路	开往衙门口东	预计到站时间2024-12-30 18:13	预计剩余时间:13分	预计剩余站数5站
2024/12/30 18:00:34 position.go:87: 站点名:老山	线路名:914路	开往体育场南路东口	预计到站时间2024-12-30 18:10	预计剩余时间:10分	预计剩余站数3站
2024/12/30 18:00:34 position.go:87: 站点名:老山	线路名:914路	开往体育场南路东口	预计到站时间2024-12-30 18:23	预计剩余时间:23分	预计剩余站数10站
2024/12/30 18:00:34 position.go:87: 站点名:老山	线路名:941路	开往石龙西公交场站	预计到站时间2024-12-30 18:14	预计剩余时间:14分	预计剩余站数5站
2024/12/30 18:00:34 position.go:87: 站点名:老山	线路名:941路	开往石龙西公交场站	预计到站时间2024-12-30 18:33	预计剩余时间:33分	预计剩余站数13站
2024/12/30 18:00:34 position.go:87: 站点名:老山	线路名:专111路	开往老山西街	预计到站时间2024-12-30 18:04	预计剩余时间:4分	预计剩余站数2站
2024/12/30 18:00:34 position.go:87: 站点名:老山	线路名:专215路	开往八大处	预计到站时间1970-01-01 08:00	预计剩余时间:-0分	预计剩余站数已开出站点了哦
2024/12/30 18:00:35 position.go:87: 站点名:老山	线路名:337路	开往石景山	预计到站时间2024-12-30 18:07	预计剩余时间:7分	预计剩余站数3站
2024/12/30 18:00:35 position.go:87: 站点名:老山	线路名:337路	开往石景山	预计到站时间2024-12-30 18:12	预计剩余时间:12分	预计剩余站数4站
2024/12/30 18:00:35 position.go:87: 站点名:老山	线路名:527路	开往雍王府	预计到站时间2024-12-30 18:09	预计剩余时间:9分	预计剩余站数3站
2024/12/30 18:00:35 position.go:87: 站点名:老山	线路名:574路	开往衙门口东	预计到站时间2024-12-30 18:09	预计剩余时间:9分	预计剩余站数3站
2024/12/30 18:00:35 position.go:87: 站点名:老山	线路名:574路	开往衙门口东	预计到站时间2024-12-30 18:13	预计剩余时间:13分	预计剩余站数5站
2024/12/30 18:00:35 position.go:87: 站点名:老山	线路名:914路	开往体育场南路东口	预计到站时间2024-12-30 18:10	预计剩余时间:10分	预计剩余站数3站
2024/12/30 18:00:35 position.go:87: 站点名:老山	线路名:914路	开往体育场南路东口	预计到站时间2024-12-30 18:23	预计剩余时间:23分	预计剩余站数10站
2024/12/30 18:00:35 position.go:87: 站点名:老山	线路名:941路	开往石龙西公交场站	预计到站时间2024-12-30 18:14	预计剩余时间:14分	预计剩余站数5站
2024/12/30 18:00:35 position.go:87: 站点名:老山	线路名:941路	开往石龙西公交场站	预计到站时间2024-12-30 18:32	预计剩余时间:32分	预计剩余站数13站
2024/12/30 18:00:35 position.go:87: 站点名:老山	线路名:专111路	开往老山西街	预计到站时间2024-12-30 18:04	预计剩余时间:4分	预计剩余站数2站
2024/12/30 18:00:35 position.go:87: 站点名:老山	线路名:专215路	开往八大处	预计到站时间1970-01-01 08:00	预计剩余时间:-0分	预计剩余站数已开出站点了哦
2024/12/30 18:00:37 position.go:87: 站点名:国家植物园	线路名:932路	开往城子	预计到站时间2024-12-30 18:14	预计剩余时间:14分	预计剩余站数9站
2024/12/30 18:00:37 position.go:87: 站点名:国家植物园	线路名:932路	开往城子	预计到站时间2024-12-30 18:29	预计剩余时间:29分	预计剩余站数16站
2024/12/30 18:00:38 position.go:87: 站点名:国家植物园	线路名:932路	开往城子	预计到站时间2024-12-30 18:14	预计剩余时间:14分	预计剩余站数9站
2024/12/30 18:00:38 position.go:87: 站点名:国家植物园	线路名:932路	开往城子	预计到站时间2024-12-30 18:29	预计剩余时间:29分	预计剩余站数16站
2024/12/30 18:00:41 position.go:87: 站点名:石景山雕塑公园	线路名:663路	开往小马厂	预计到站时间2024-12-30 18:06	预计剩余时间:6分	预计剩余站数3站
2024/12/30 18:00:41 position.go:87: 站点名:石景山雕塑公园	线路名:663路	开往小马厂	预计到站时间2024-12-30 18:12	预计剩余时间:12分	预计剩余站数6站
2024/12/30 18:00:42 position.go:87: 站点名:石景山雕塑公园	线路名:663路	开往小马厂	预计到站时间2024-12-30 18:06	预计剩余时间:6分	预计剩余站数3站
2024/12/30 18:00:42 position.go:87: 站点名:石景山雕塑公园	线路名:663路	开往小马厂	预计到站时间2024-12-30 18:12	预计剩余时间:12分	预计剩余站数6站
2024/12/30 18:00:44 position.go:87: 站点名:石景山科技馆	线路名:399路外环路	开往石景山科技园	预计到站时间2024-12-30 18:14	预计剩余时间:14分	预计剩余站数5站
2024/12/30 18:00:44 position.go:87: 站点名:石景山科技馆	线路名:399路外环路	开往石景山科技园	预计到站时间2024-12-30 18:16	预计剩余时间:15分	预计剩余站数5站
2024/12/30 18:00:44 position.go:87: 站点名:石景山科技馆	线路名:527路	开往雍王府	预计到站时间2024-12-30 18:03	预计剩余时间:2分	预计剩余站数1站
2024/12/30 18:00:44 position.go:87: 站点名:石景山科技馆	线路名:527路	开往雍王府	预计到站时间2024-12-30 18:10	预计剩余时间:9分	预计剩余站数4站
2024/12/30 18:00:44 position.go:87: 站点名:石景山科技馆	线路名:598路	开往刘娘府北街北口	预计到站时间1970-01-01 08:00	预计剩余时间:-0分	预计剩余站数已开出站点了哦
2024/12/30 18:00:44 position.go:87: 站点名:石景山科技馆	线路名:598路	开往刘娘府北街北口	预计到站时间2024-12-30 18:04	预计剩余时间:4分	预计剩余站数2站
2024/12/30 18:00:45 position.go:87: 站点名:石景山科技馆	线路名:399路外环路	开往石景山科技园	预计到站时间2024-12-30 18:14	预计剩余时间:14分	预计剩余站数5站
2024/12/30 18:00:45 position.go:87: 站点名:石景山科技馆	线路名:399路外环路	开往石景山科技园	预计到站时间2024-12-30 18:16	预计剩余时间:15分	预计剩余站数5站
2024/12/30 18:00:45 position.go:87: 站点名:石景山科技馆	线路名:527路	开往雍王府	预计到站时间2024-12-30 18:03	预计剩余时间:2分	预计剩余站数1站
2024/12/30 18:00:45 position.go:87: 站点名:石景山科技馆	线路名:527路	开往雍王府	预计到站时间2024-12-30 18:10	预计剩余时间:9分	预计剩余站数4站
2024/12/30 18:00:45 position.go:87: 站点名:石景山科技馆	线路名:598路	开往刘娘府北街北口	预计到站时间1970-01-01 08:00	预计剩余时间:-0分	预计剩余站数已开出站点了哦
2024/12/30 18:00:45 position.go:87: 站点名:石景山科技馆	线路名:598路	开往刘娘府北街北口	预计到站时间2024-12-30 18:04	预计剩余时间:4分	预计剩余站数2站
2024/12/30 18:00:47 position.go:87: 站点名:时代花园北路	线路名:527路	开往吴庄公交场站	预计到站时间2024-12-30 18:05	预计剩余时间:5分	预计剩余站数3站
2024/12/30 18:00:47 position.go:87: 站点名:时代花园北路	线路名:527路	开往吴庄公交场站	预计到站时间2024-12-30 18:11	预计剩余时间:10分	预计剩余站数6站
2024/12/30 18:00:48 position.go:87: 站点名:时代花园北路	线路名:527路	开往吴庄公交场站	预计到站时间2024-12-30 18:05	预计剩余时间:5分	预计剩余站数3站
2024/12/30 18:00:48 position.go:87: 站点名:时代花园北路	线路名:527路	开往吴庄公交场站	预计到站时间2024-12-30 18:11	预计剩余时间:10分	预计剩余站数6站
2024/12/30 18:00:50 position.go:87: 站点名:京燕饭店	线路名:325路	开往衙门口公交场站	预计到站时间2024-12-30 18:12	预计剩余时间:11分	预计剩余站数5站
2024/12/30 18:00:50 position.go:87: 站点名:京燕饭店	线路名:325路	开往衙门口公交场站	预计到站时间2024-12-30 18:16	预计剩余时间:16分	预计剩余站数6站
2024/12/30 18:00:50 position.go:87: 站点名:京燕饭店	线路名:337路	开往公主坟西	预计到站时间1970-01-01 08:00	预计剩余时间:-0分	预计剩余站数已开出站点了哦
2024/12/30 18:00:50 position.go:87: 站点名:京燕饭店	线路名:337路	开往公主坟西	预计到站时间2024-12-30 18:09	预计剩余时间:9分	预计剩余站数4站
2024/12/30 18:00:50 position.go:87: 站点名:京燕饭店	线路名:472路	开往鲁谷公交场站	预计到站时间2024-12-30 18:05	预计剩余时间:4分	预计剩余站数即将到站
2024/12/30 18:00:50 position.go:87: 站点名:京燕饭店	线路名:472路	开往鲁谷公交场站	预计到站时间2024-12-30 18:17	预计剩余时间:17分	预计剩余站数6站
2024/12/30 18:00:50 position.go:87: 站点名:京燕饭店	线路名:527路	开往吴庄公交场站	预计到站时间2024-12-30 18:05	预计剩余时间:5分	预计剩余站数1站
2024/12/30 18:00:50 position.go:87: 站点名:京燕饭店	线路名:527路	开往吴庄公交场站	预计到站时间2024-12-30 18:21	预计剩余时间:20分	预计剩余站数10站
2024/12/30 18:00:50 position.go:87: 站点名:京燕饭店	线路名:597路	开往鲁谷公交场站	预计到站时间2024-12-30 18:02	预计剩余时间:2分	预计剩余站数1站
2024/12/30 18:00:50 position.go:87: 站点名:京燕饭店	线路名:597路	开往鲁谷公交场站	预计到站时间2024-12-30 18:03	预计剩余时间:3分	预计剩余站数1站
2024/12/30 18:00:50 position.go:87: 站点名:京燕饭店	线路名:598路	开往大瓦窑公交场站	预计到站时间2024-12-30 18:07	预计剩余时间:6分	预计剩余站数1站
2024/12/30 18:00:50 position.go:87: 站点名:京燕饭店	线路名:598路	开往大瓦窑公交场站	预计到站时间2024-12-30 18:20	预计剩余时间:19分	预计剩余站数7站
2024/12/30 18:00:50 position.go:87: 站点名:京燕饭店	线路名:663路	开往小马厂	预计到站时间2024-12-30 18:12	预计剩余时间:12分	预计剩余站数5站
2024/12/30 18:00:50 position.go:87: 站点名:京燕饭店	线路名:663路	开往小马厂	预计到站时间2024-12-30 18:18	预计剩余时间:17分	预计剩余站数7站
2024/12/30 18:00:50 position.go:87: 站点名:京燕饭店	线路名:941路	开往莲花池南路	预计到站时间2024-12-30 18:06	预计剩余时间:6分	预计剩余站数2站
2024/12/30 18:00:50 position.go:87: 站点名:京燕饭店	线路名:941路	开往莲花池南路	预计到站时间2024-12-30 18:21	预计剩余时间:21分	预计剩余站数8站
2024/12/30 18:00:50 position.go:87: 站点名:京燕饭店	线路名:958路	开往龙潭公园	预计到站时间1970-01-01 08:00	预计剩余时间:-0分	预计剩余站数已开出站点了哦
2024/12/30 18:00:50 position.go:87: 站点名:京燕饭店	线路名:958路	开往龙潭公园	预计到站时间2024-12-30 18:16	预计剩余时间:15分	预计剩余站数6站
2024/12/30 18:00:50 position.go:87: 站点名:京燕饭店	线路名:959路	开往大瓦窑公交场站	预计到站时间2024-12-30 18:26	预计剩余时间:25分	预计剩余站数10站
2024/12/30 18:00:50 position.go:87: 站点名:京燕饭店	线路名:959路	开往大瓦窑公交场站	预计到站时间2024-12-30 18:36	预计剩余时间:35分	预计剩余站数14站
2024/12/30 18:00:50 position.go:87: 站点名:京燕饭店	线路名:992路	开往京原东站	预计到站时间1970-01-01 08:00	预计剩余时间:-0分	预计剩余站数已开出站点了哦
2024/12/30 18:00:50 position.go:87: 站点名:京燕饭店	线路名:992路	开往京原东站	预计到站时间2024-12-30 18:06	预计剩余时间:5分	预计剩余站数2站
2024/12/30 18:00:52 position.go:87: 站点名:京燕饭店	线路名:325路	开往衙门口公交场站	预计到站时间2024-12-30 18:12	预计剩余时间:11分	预计剩余站数5站
2024/12/30 18:00:52 position.go:87: 站点名:京燕饭店	线路名:325路	开往衙门口公交场站	预计到站时间2024-12-30 18:16	预计剩余时间:16分	预计剩余站数6站
2024/12/30 18:00:52 position.go:87: 站点名:京燕饭店	线路名:337路	开往公主坟西	预计到站时间1970-01-01 08:00	预计剩余时间:-0分	预计剩余站数已开出站点了哦
2024/12/30 18:00:52 position.go:87: 站点名:京燕饭店	线路名:337路	开往公主坟西	预计到站时间2024-12-30 18:09	预计剩余时间:9分	预计剩余站数4站
2024/12/30 18:00:52 position.go:87: 站点名:京燕饭店	线路名:472路	开往鲁谷公交场站	预计到站时间2024-12-30 18:05	预计剩余时间:5分	预计剩余站数1站
2024/12/30 18:00:52 position.go:87: 站点名:京燕饭店	线路名:472路	开往鲁谷公交场站	预计到站时间2024-12-30 18:17	预计剩余时间:17分	预计剩余站数6站
2024/12/30 18:00:52 position.go:87: 站点名:京燕饭店	线路名:527路	开往吴庄公交场站	预计到站时间2024-12-30 18:05	预计剩余时间:5分	预计剩余站数1站
2024/12/30 18:00:52 position.go:87: 站点名:京燕饭店	线路名:527路	开往吴庄公交场站	预计到站时间2024-12-30 18:21	预计剩余时间:20分	预计剩余站数10站
2024/12/30 18:00:52 position.go:87: 站点名:京燕饭店	线路名:597路	开往鲁谷公交场站	预计到站时间2024-12-30 18:02	预计剩余时间:2分	预计剩余站数即将到站
2024/12/30 18:00:52 position.go:87: 站点名:京燕饭店	线路名:597路	开往鲁谷公交场站	预计到站时间2024-12-30 18:02	预计剩余时间:2分	预计剩余站数1站
2024/12/30 18:00:52 position.go:87: 站点名:京燕饭店	线路名:598路	开往大瓦窑公交场站	预计到站时间2024-12-30 18:05	预计剩余时间:5分	预计剩余站数1站
2024/12/30 18:00:52 position.go:87: 站点名:京燕饭店	线路名:598路	开往大瓦窑公交场站	预计到站时间2024-12-30 18:20	预计剩余时间:19分	预计剩余站数7站
2024/12/30 18:00:52 position.go:87: 站点名:京燕饭店	线路名:663路	开往小马厂	预计到站时间2024-12-30 18:12	预计剩余时间:12分	预计剩余站数5站
2024/12/30 18:00:52 position.go:87: 站点名:京燕饭店	线路名:663路	开往小马厂	预计到站时间2024-12-30 18:18	预计剩余时间:17分	预计剩余站数7站
2024/12/30 18:00:52 position.go:87: 站点名:京燕饭店	线路名:941路	开往莲花池南路	预计到站时间2024-12-30 18:06	预计剩余时间:6分	预计剩余站数2站
2024/12/30 18:00:52 position.go:87: 站点名:京燕饭店	线路名:941路	开往莲花池南路	预计到站时间2024-12-30 18:22	预计剩余时间:21分	预计剩余站数8站
2024/12/30 18:00:52 position.go:87: 站点名:京燕饭店	线路名:958路	开往龙潭公园	预计到站时间1970-01-01 08:00	预计剩余时间:-0分	预计剩余站数已开出站点了哦
2024/12/30 18:00:52 position.go:87: 站点名:京燕饭店	线路名:958路	开往龙潭公园	预计到站时间2024-12-30 18:16	预计剩余时间:15分	预计剩余站数6站
2024/12/30 18:00:52 position.go:87: 站点名:京燕饭店	线路名:959路	开往大瓦窑公交场站	预计到站时间2024-12-30 18:26	预计剩余时间:25分	预计剩余站数10站
2024/12/30 18:00:52 position.go:87: 站点名:京燕饭店	线路名:959路	开往大瓦窑公交场站	预计到站时间2024-12-30 18:36	预计剩余时间:35分	预计剩余站数14站
2024/12/30 18:00:52 position.go:87: 站点名:京燕饭店	线路名:992路	开往京原东站	预计到站时间1970-01-01 08:00	预计剩余时间:-0分	预计剩余站数已开出站点了哦
2024/12/30 18:00:52 position.go:87: 站点名:京燕饭店	线路名:992路	开往京原东站	预计到站时间2024-12-30 18:06	预计剩余时间:5分	预计剩余站数2站
2024/12/30 18:00:54 position.go:87: 站点名:八角	线路名:327路	开往城通街	预计到站时间2024-12-30 18:07	预计剩余时间:7分	预计剩余站数2站
2024/12/30 18:00:54 position.go:87: 站点名:八角	线路名:327路	开往城通街	预计到站时间2024-12-30 18:11	预计剩余时间:10分	预计剩余站数4站
2024/12/30 18:00:54 position.go:87: 站点名:八角	线路名:399路内环路	开往石景山科技园	预计到站时间2024-12-30 18:10	预计剩余时间:10分	预计剩余站数3站
2024/12/30 18:00:54 position.go:87: 站点名:八角	线路名:399路内环路	开往石景山科技园	预计到站时间2024-12-30 18:22	预计剩余时间:22分	预计剩余站数8站
2024/12/30 18:00:54 position.go:87: 站点名:八角	线路名:941路	开往石龙西公交场站	预计到站时间2024-12-30 18:09	预计剩余时间:9分	预计剩余站数3站
2024/12/30 18:00:54 position.go:87: 站点名:八角	线路名:941路	开往石龙西公交场站	预计到站时间2024-12-30 18:27	预计剩余时间:27分	预计剩余站数10站
2024/12/30 18:00:54 position.go:87: 站点名:八角	线路名:959路	开往石厂村	预计到站时间1970-01-01 08:00	预计剩余时间:-0分	预计剩余站数已开出站点了哦
2024/12/30 18:00:54 position.go:87: 站点名:八角	线路名:959路	开往石厂村	预计到站时间2024-12-30 18:34	预计剩余时间:33分	预计剩余站数14站
2024/12/30 18:00:54 position.go:87: 站点名:八角	线路名:992路	开往圈门	预计到站时间2024-12-30 18:04	预计剩余时间:3分	预计剩余站数1站
2024/12/30 18:00:55 position.go:87: 站点名:八角	线路名:327路	开往城通街	预计到站时间2024-12-30 18:07	预计剩余时间:7分	预计剩余站数2站
2024/12/30 18:00:55 position.go:87: 站点名:八角	线路名:327路	开往城通街	预计到站时间2024-12-30 18:11	预计剩余时间:10分	预计剩余站数4站
2024/12/30 18:00:55 position.go:87: 站点名:八角	线路名:399路内环路	开往石景山科技园	预计到站时间2024-12-30 18:07	预计剩余时间:7分	预计剩余站数3站
2024/12/30 18:00:55 position.go:87: 站点名:八角	线路名:399路内环路	开往石景山科技园	预计到站时间2024-12-30 18:22	预计剩余时间:22分	预计剩余站数8站
2024/12/30 18:00:55 position.go:87: 站点名:八角	线路名:941路	开往石龙西公交场站	预计到站时间2024-12-30 18:09	预计剩余时间:9分	预计剩余站数3站
2024/12/30 18:00:55 position.go:87: 站点名:八角	线路名:941路	开往石龙西公交场站	预计到站时间2024-12-30 18:27	预计剩余时间:27分	预计剩余站数10站
2024/12/30 18:00:55 position.go:87: 站点名:八角	线路名:959路	开往石厂村	预计到站时间2024-12-30 18:34	预计剩余时间:33分	预计剩余站数14站
2024/12/30 18:00:55 position.go:87: 站点名:八角	线路名:959路	开往石厂村	预计到站时间2024-12-30 18:43	预计剩余时间:43分	预计剩余站数20站
2024/12/30 18:00:55 position.go:87: 站点名:八角	线路名:992路	开往圈门	预计到站时间2024-12-30 18:04	预计剩余时间:3分	预计剩余站数1站
2024/12/30 18:00:56 main.go:76: {0   0 []}
2024/12/30 18:00:56 main.go:76: {200 北京 银河大街 15 [{325路 2~3元 衙门口公交场站 1227320207 1970-01-01 08:00 -0分 已开出站点了哦} {325路 2~3元 衙门口公交场站 4773178188 2024-12-30 18:19 19分 9站} {472路 2~3元 鲁谷公交场站 1229380909 2024-12-30 18:04 4分 1站} {472路 2~3元 鲁谷公交场站 4178168587 2024-12-30 18:12 12分 2站} {574路 2~4元 衙门口东 1320360402 2024-12-30 18:13 13分 4站} {574路 2~4元 衙门口东 1320360504 2024-12-30 18:17 17分 6站} {597路 2~4元 鲁谷公交场站 9447673837 2024-12-30 18:11 11分 4站} {597路 2~4元 鲁谷公交场站 4178198887 2024-12-30 18:11 11分 4站} {598路 2~3元 大瓦窑公交场站 4571168883 2024-12-30 18:05 5分 2站} {598路 2~3元 大瓦窑公交场站 1423310705 2024-12-30 18:15 15分 4站} {663路 2~4元 小马厂 4771178188 2024-12-30 18:20 20分 8站} {663路 2~4元 小马厂 1223320205 2024-12-30 18:26 26分 11站} {959路 2~8元 大瓦窑公交场站 1725330406 2024-12-30 18:03 4分 2站} {959路 2~8元 大瓦窑公交场站 1725330508 2024-12-30 18:34 34分 13站} {专91路 2元 燕堤南路西口 4773178583 1970-01-01 08:00 -0分 已开出站点了哦}]}
2024/12/30 18:00:56 main.go:76: {0   0 []}
2024/12/30 18:00:56 main.go:76: {200 北京 京原路口东 28 [{325路 2~3元 衙门口公交场站 4773178188 2024-12-30 18:16 16分 7站} {325路 2~3元 衙门口公交场站 9445643436 2024-12-30 18:21 21分 9站} {337路 2~3元 公主坟西 4770128284 2024-12-30 18:02 2分 即将到站} {337路 2~3元 公主坟西 9447613236 2024-12-30 18:05 5分 1站} {472路 2~3元 鲁谷公交场站 1229380909 2024-12-30 18:01 1分 即将到站} {472路 2~3元 鲁谷公交场站 4178168587 2024-12-30 18:09 9分 1站} {527路 2~3元 吴庄公交场站 9643623837 2024-12-30 18:09 9分 3站} {527路 2~3元 吴庄公交场站 4178168984 2024-12-30 18:24 24分 12站} {597路 2~4元 鲁谷公交场站 9447673837 2024-12-30 18:07 7分 2站} {597路 2~4元 鲁谷公交场站 4178198887 2024-12-30 18:07 7分 2站} {598路 2~3元 大瓦窑公交场站 4571168883 2024-12-30 18:01 1分 即将到站} {598路 2~3元 大瓦窑公交场站 1423310705 2024-12-30 18:11 11分 2站} {663路 2~4元 小马厂 4771178188 2024-12-30 18:17 17分 6站} {663路 2~4元 小马厂 1223320205 2024-12-30 18:22 22分 9站} {941路 2~7元 莲花池南路 1320380007 2024-12-30 18:10 10分 3站} {941路 2~7元 莲花池南路 1320380009 2024-12-30 18:27 27分 10站} {959路 2~8元 大瓦窑公交场站 1725330406 1970-01-01 08:00 -0分 已开出站点了哦} {959路 2~8元 大瓦窑公交场站 1725330508 2024-12-30 18:31 31分 11站} {965路 2~5元 京原东站 4176118181 2024-12-30 18:07 7分 2站} {965路 2~5元 京原东站 4176118687 2024-12-30 18:22 22分 10站} {992路 2~4元 京原东站 4775148281 2024-12-30 18:06 5分 1站} {992路 2~4元 京原东站 1223390105 2024-12-30 18:11 11分 3站} {专215路 2元 老山公交场站 4772158583 2024-12-30 18:06 6分 即将到站} {专215路 2元 老山公交场站 4178168281 2024-12-30 18:16 16分 2站} {专46路 2元 京原路口东 1320330203 2024-12-30 18:15 14分 5站} {专86路 2元 京原东站 9642693433 2024-12-30 18:08 8分 1站} {专91路 2元 京原东站 1227320608 2024-12-30 18:06 6分 1站} {专91路 2元 京原东站 9445643034 2024-12-30 18:15 15分 5站}]}
2024/12/30 18:00:56 main.go:76: {0   0 []}
2024/12/30 18:00:56 main.go:76: {200 北京 老山 11 [{337路 2~3元 石景山 1229390108 2024-12-30 18:07 7分 3站} {337路 2~3元 石景山 9447613132 2024-12-30 18:12 12分 4站} {527路 2~3元 雍王府 4178188585 2024-12-30 18:09 9分 3站} {574路 2~4元 衙门口东 1320360402 2024-12-30 18:09 9分 3站} {574路 2~4元 衙门口东 1320360504 2024-12-30 18:13 13分 5站} {914路 2~3元 体育场南路东口 1726350300 2024-12-30 18:10 10分 3站} {914路 2~3元 体育场南路东口 1726350203 2024-12-30 18:23 23分 10站} {941路 2~7元 石龙西公交场站 4178128384 2024-12-30 18:14 14分 5站} {941路 2~7元 石龙西公交场站 9643613432 2024-12-30 18:32 32分 13站} {专111路 2元 老山西街 4172178385 2024-12-30 18:04 4分 2站} {专215路 2元 八大处 1229390506 1970-01-01 08:00 -0分 已开出站点了哦}]}
2024/12/30 18:00:56 main.go:76: {0   0 []}
2024/12/30 18:00:56 main.go:76: {200 北京 国家植物园 2 [{932路 2~9元 城子 1327340404 2024-12-30 18:14 14分 9站} {932路 2~9元 城子 4571158481 2024-12-30 18:29 29分 16站}]}
2024/12/30 18:00:56 main.go:76: {0   0 []}
2024/12/30 18:00:56 main.go:76: {200 北京 石景山雕塑公园 2 [{663路 2~4元 小马厂 4771178188 2024-12-30 18:06 6分 3站} {663路 2~4元 小马厂 1223320205 2024-12-30 18:12 12分 6站}]}
2024/12/30 18:00:56 main.go:76: {0   0 []}
2024/12/30 18:00:56 main.go:76: {200 北京 石景山科技馆 6 [{399路外环路 2~3元 石景山科技园 9049623839 2024-12-30 18:14 14分 5站} {399路外环路 2~3元 石景山科技园 1421360600 2024-12-30 18:16 15分 5站} {527路 2~3元 雍王府 4178168682 2024-12-30 18:03 2分 1站} {527路 2~3元 雍王府 4773108289 2024-12-30 18:10 9分 4站} {598路 2~3元 刘娘府北街北口 9640683937 1970-01-01 08:00 -0分 已开出站点了哦} {598路 2~3元 刘娘府北街北口 4571168881 2024-12-30 18:04 4分 2站}]}
2024/12/30 18:00:56 main.go:76: {0   0 []}
2024/12/30 18:00:56 main.go:76: {200 北京 时代花园北路 2 [{527路 2~3元 吴庄公交场站 4178168984 2024-12-30 18:05 5分 3站} {527路 2~3元 吴庄公交场站 1320300406 2024-12-30 18:11 10分 6站}]}
2024/12/30 18:00:56 main.go:76: {0   0 []}
2024/12/30 18:00:56 main.go:76: {200 北京 京燕饭店 22 [{325路 2~3元 衙门口公交场站 4773178188 2024-12-30 18:12 11分 5站} {325路 2~3元 衙门口公交场站 9445643436 2024-12-30 18:16 16分 6站} {337路 2~3元 公主坟西 9447613236 1970-01-01 08:00 -0分 已开出站点了哦} {337路 2~3元 公主坟西 9447613531 2024-12-30 18:09 9分 4站} {472路 2~3元 鲁谷公交场站 4178168587 2024-12-30 18:05 5分 1站} {472路 2~3元 鲁谷公交场站 4770128488 2024-12-30 18:17 17分 6站} {527路 2~3元 吴庄公交场站 9643623837 2024-12-30 18:05 5分 1站} {527路 2~3元 吴庄公交场站 4178168984 2024-12-30 18:21 20分 10站} {597路 2~4元 鲁谷公交场站 9447673837 2024-12-30 18:02 2分 即将到站} {597路 2~4元 鲁谷公交场站 4178198887 2024-12-30 18:02 2分 1站} {598路 2~3元 大瓦窑公交场站 1423310705 2024-12-30 18:05 5分 1站} {598路 2~3元 大瓦窑公交场站 9046683334 2024-12-30 18:20 19分 7站} {663路 2~4元 小马厂 4771178188 2024-12-30 18:12 12分 5站} {663路 2~4元 小马厂 1223320205 2024-12-30 18:18 17分 7站} {941路 2~7元 莲花池南路 1320380007 2024-12-30 18:06 6分 2站} {941路 2~7元 莲花池南路 1320380009 2024-12-30 18:22 21分 8站} {958路 2~7元 龙潭公园 9647603330 1970-01-01 08:00 -0分 已开出站点了哦} {958路 2~7元 龙潭公园 4170118089 2024-12-30 18:16 15分 6站} {959路 2~8元 大瓦窑公交场站 1725330508 2024-12-30 18:26 25分 10站} {959路 2~8元 大瓦窑公交场站 1725330305 2024-12-30 18:36 35分 14站} {992路 2~4元 京原东站 4775148281 1970-01-01 08:00 -0分 已开出站点了哦} {992路 2~4元 京原东站 1223390105 2024-12-30 18:06 5分 2站}]}
2024/12/30 18:00:56 main.go:76: {0   0 []}
2024/12/30 18:00:56 main.go:76: {200 北京 八角 9 [{327路 2~3元 城通街 4571148982 2024-12-30 18:07 7分 2站} {327路 2~3元 城通街 9046693232 2024-12-30 18:11 10分 4站} {399路内环路 2~3元 石景山科技园 9049623833 2024-12-30 18:07 7分 3站} {399路内环路 2~3元 石景山科技园 1421360701 2024-12-30 18:22 22分 8站} {941路 2~7元 石龙西公交场站 4178128381 2024-12-30 18:09 9分 3站} {941路 2~7元 石龙西公交场站 4178128384 2024-12-30 18:27 27分 10站} {959路 2~8元 石厂村 1725330402 2024-12-30 18:34 33分 14站} {959路 2~8元 石厂村 1422370500 2024-12-30 18:43 43分 20站} {992路 2~4元 圈门 1224310709 2024-12-30 18:04 3分 1站}]}
